cl : command line  warning D9035: option 'Gm' has been deprecated and will be removed in a future release
  Sphere.cpp
C:\Users\juste\OneDrive\Desktop\School\Fall 2024\Advanced Comptuer graphics\Project (11,31): warning C4305: 'argument': truncation from 'double' to 'float'
  (compiling source file '../../../../Project%20#1/ray_tracer_kent/RayTracer_Framework/primitives/Sphere.cpp')
  
C:\Users\juste\OneDrive\Desktop\School\Fall 2024\Advanced Comptuer graphics\Project (18,9): warning C4305: '=': truncation from 'double' to 'float'
  (compiling source file '../../../../Project%20#1/ray_tracer_kent/RayTracer_Framework/primitives/Sphere.cpp')
  
C:\Users\juste\OneDrive\Desktop\School\Fall 2024\Advanced Comptuer graphics\Project (19,9): warning C4305: '=': truncation from 'double' to 'float'
  (compiling source file '../../../../Project%20#1/ray_tracer_kent/RayTracer_Framework/primitives/Sphere.cpp')
  
C:\Users\juste\OneDrive\Desktop\School\Fall 2024\Advanced Comptuer graphics\Project (20,9): warning C4305: '=': truncation from 'double' to 'float'
  (compiling source file '../../../../Project%20#1/ray_tracer_kent/RayTracer_Framework/primitives/Sphere.cpp')
  
C:\Users\juste\OneDrive\Desktop\School\Fall 2024\Advanced Comptuer graphics\Project (21,16): warning C4305: '=': truncation from 'double' to 'float'
  (compiling source file '../../../../Project%20#1/ray_tracer_kent/RayTracer_Framework/primitives/Sphere.cpp')
  
C:\Users\juste\OneDrive\Desktop\School\Fall 2024\Advanced Comptuer graphics\Project (25,10): warning C4305: '=': truncation from 'double' to 'float'
  (compiling source file '../../../../Project%20#1/ray_tracer_kent/RayTracer_Framework/primitives/Sphere.cpp')
  
C:\Users\juste\OneDrive\Desktop\School\Fall 2024\Advanced Comptuer graphics\Project (30,28): warning C4244: '=': conversion from 'double' to 'float', possible loss of data
C:\Users\juste\OneDrive\Desktop\School\Fall 2024\Advanced Comptuer graphics\Project (34,28): warning C4244: '=': conversion from 'double' to 'float', possible loss of data
C:\Users\juste\OneDrive\Desktop\School\Fall 2024\Advanced Comptuer graphics\Project (49,36): warning C4305: 'argument': truncation from 'double' to 'float'
C:\Users\juste\OneDrive\Desktop\School\Fall 2024\Advanced Comptuer graphics\Project (49,31): warning C4305: 'argument': truncation from 'double' to 'float'
C:\Users\juste\OneDrive\Desktop\School\Fall 2024\Advanced Comptuer graphics\Project (49,26): warning C4305: 'argument': truncation from 'double' to 'float'
C:\Users\juste\OneDrive\Desktop\School\Fall 2024\Advanced Comptuer graphics\Project (97,20): warning C4244: 'initializing': conversion from 'double' to 'float', possible loss of data
C:\Users\juste\OneDrive\Desktop\School\Fall 2024\Advanced Comptuer graphics\Project (101,26): warning C4244: 'initializing': conversion from 'double' to 'float', possible loss of data
  RayTracer.vcxproj -> C:\Users\juste\OneDrive\Desktop\School\Fall 2024\Advanced Comptuer graphics\Project #1\ray_tracer_kent\RayTracer_Framework\Debug\RayTracer.exe
